Build started 3/14/2015 7:24:54 PM.
     1>Project "C:\Users\Reina\Desktop\Concordia\winter_2015\comp_371\IslandAdventures\IslandAdventures\VS2013\IslandAdventuresGame.vcxproj" on node 2 (Build target(s)).
       Project file contains ToolsVersion="12.0". This toolset may be unknown or missing, in which case you may be able to resolve this by installing the appropriate version of MSBuild, or the build may have been forced to a particular ToolsVersion for policy reasons. Treating the project as if it had ToolsVersion="4.0". For more information, please see http://go.microsoft.com/fwlink/?LinkId=291333.
     1>InitializeBuildStatus:
         Creating "C:\Users\Reina\Desktop\Concordia\winter_2015\comp_371\IslandAdventures\IslandAdventures\VS2013\/../Build/Debug/IslandAdventureGame.unsuccessfulbuild" because "AlwaysCreate" was specified.
       ClCompile:
         C:\Program Files (x86)\Microsoft Visual Studio 11.0\VC\bin\CL.exe /c /I"../ThirdParty/glew-1.10.0/include" /I"../ThirdParty/glfw-3.0.4/include" /I../ThirdParty/glm /ZI /nologo /W3 /WX- /Od /Oy- /D WIN32 /D _DEBUG /D _CONSOLE /D _UNICODE /D UNICODE /Gm /EHsc /RTC1 /MDd /GS /fp:precise /Zc:wchar_t /Zc:forScope /Fo"C:\Users\Reina\Desktop\Concordia\winter_2015\comp_371\IslandAdventures\IslandAdventures\VS2013\/../Build/Debug/" /Fd"C:\Users\Reina\Desktop\Concordia\winter_2015\comp_371\IslandAdventures\IslandAdventures\VS2013\/../Build/Debug/vc110.pdb" /Gd /TP /analyze- /errorReport:prompt ..\Source\World.cpp
         World.cpp
       Link:
         C:\Program Files (x86)\Microsoft Visual Studio 11.0\VC\bin\link.exe /ERRORREPORT:PROMPT /OUT:"C:\Users\Reina\Desktop\Concordia\winter_2015\comp_371\IslandAdventures\IslandAdventures\VS2013\/../Bin/IslandAdventureGame-Debug.exe" /INCREMENTAL /NOLOGO /LIBPATH:"../ThirdParty/glew-1.10.0/lib/Release/Win32" /LIBPATH:"../ThirdParty/glfw-3.0.4/lib/Win32/lib-msvc110" opengl32.lib glew32s.lib glfw3.lib kernel32.lib user32.lib gdi32.lib winspool.lib comdlg32.lib advapi32.lib shell32.lib ole32.lib oleaut32.lib uuid.lib odbc32.lib odbccp32.lib kernel32.lib user32.lib gdi32.lib winspool.lib comdlg32.lib advapi32.lib shell32.lib ole32.lib oleaut32.lib uuid.lib odbc32.lib odbccp32.lib /MANIFEST /MANIFESTUAC:"level='asInvoker' uiAccess='false'" /manifest:embed /DEBUG /PDB:"C:\Users\Reina\Desktop\Concordia\winter_2015\comp_371\IslandAdventures\IslandAdventures\VS2013\/../Bin/IslandAdventureGame-Debug.pdb" /SUBSYSTEM:CONSOLE /TLBID:1 /DYNAMICBASE /NXCOMPAT /IMPLIB:"C:\Users\Reina\Desktop\Concordia\winter_2015\comp_371\IslandAdventures\IslandAdventures\VS2013\/../Bin/IslandAdventureGame-Debug.lib" /MACHINE:X86 C:\Users\Reina\Desktop\Concordia\winter_2015\comp_371\IslandAdventures\IslandAdventures\VS2013\/../Build/Debug/BSpline.obj
         C:\Users\Reina\Desktop\Concordia\winter_2015\comp_371\IslandAdventures\IslandAdventures\VS2013\/../Build/Debug/BSplineCamera.obj
         C:\Users\Reina\Desktop\Concordia\winter_2015\comp_371\IslandAdventures\IslandAdventures\VS2013\/../Build/Debug/BSplineCameraThirdPerson.obj
         C:\Users\Reina\Desktop\Concordia\winter_2015\comp_371\IslandAdventures\IslandAdventures\VS2013\/../Build/Debug/Camera.obj
         C:\Users\Reina\Desktop\Concordia\winter_2015\comp_371\IslandAdventures\IslandAdventures\VS2013\/../Build/Debug/DebugCamera.obj
         C:\Users\Reina\Desktop\Concordia\winter_2015\comp_371\IslandAdventures\IslandAdventures\VS2013\/../Build/Debug/Path.obj
         C:\Users\Reina\Desktop\Concordia\winter_2015\comp_371\IslandAdventures\IslandAdventures\VS2013\/../Build/Debug/SphereModel.obj
         C:\Users\Reina\Desktop\Concordia\winter_2015\comp_371\IslandAdventures\IslandAdventures\VS2013\/../Build/Debug/StaticCamera.obj
         C:\Users\Reina\Desktop\Concordia\winter_2015\comp_371\IslandAdventures\IslandAdventures\VS2013\/../Build/Debug/EventManager.obj
         C:\Users\Reina\Desktop\Concordia\winter_2015\comp_371\IslandAdventures\IslandAdventures\VS2013\/../Build/Debug/main.obj
         C:\Users\Reina\Desktop\Concordia\winter_2015\comp_371\IslandAdventures\IslandAdventures\VS2013\/../Build/Debug/Model.obj
         C:\Users\Reina\Desktop\Concordia\winter_2015\comp_371\IslandAdventures\IslandAdventures\VS2013\/../Build/Debug/CubeModel.obj
         C:\Users\Reina\Desktop\Concordia\winter_2015\comp_371\IslandAdventures\IslandAdventures\VS2013\/../Build/Debug/Renderer.obj
         C:\Users\Reina\Desktop\Concordia\winter_2015\comp_371\IslandAdventures\IslandAdventures\VS2013\/../Build/Debug/ThirdPersonCamera.obj
         C:\Users\Reina\Desktop\Concordia\winter_2015\comp_371\IslandAdventures\IslandAdventures\VS2013\/../Build/Debug/World.obj
         IslandAdventuresGame.vcxproj -> C:\Users\Reina\Desktop\Concordia\winter_2015\comp_371\IslandAdventures\IslandAdventures\VS2013\/../Bin/IslandAdventureGame-Debug.exe
       FinalizeBuildStatus:
         Deleting file "C:\Users\Reina\Desktop\Concordia\winter_2015\comp_371\IslandAdventures\IslandAdventures\VS2013\/../Build/Debug/IslandAdventureGame.unsuccessfulbuild".
         Touching "C:\Users\Reina\Desktop\Concordia\winter_2015\comp_371\IslandAdventures\IslandAdventures\VS2013\/../Build/Debug/IslandAdventureGame.lastbuildstate".
     1>Done Building Project "C:\Users\Reina\Desktop\Concordia\winter_2015\comp_371\IslandAdventures\IslandAdventures\VS2013\IslandAdventuresGame.vcxproj" (Build target(s)).

Build succeeded.

Time Elapsed 00:00:02.08
