Build started 2/23/2015 5:27:15 PM.
     1>Project "C:\Users\a_madab\Desktop\IslandAdventures-master\IslandAdventures-master\VS2012\IslandAdventuresGame.vcxproj" on node 2 (Build target(s)).
     1>ClCompile:
         C:\Program Files (x86)\Microsoft Visual Studio 11.0\VC\bin\CL.exe /c /I"../ThirdParty/glew-1.10.0/include" /I"../ThirdParty/glfw-3.0.4/include" /I../ThirdParty/glm /ZI /nologo /W3 /WX- /Od /Oy- /D WIN32 /D _DEBUG /D _CONSOLE /D _UNICODE /D UNICODE /Gm /EHsc /RTC1 /MDd /GS /fp:precise /Zc:wchar_t /Zc:forScope /Fo"C:\Users\a_madab\Desktop\IslandAdventures-master\IslandAdventures-master\VS2012\/../Build/Debug/" /Fd"C:\Users\a_madab\Desktop\IslandAdventures-master\IslandAdventures-master\VS2012\/../Build/Debug/vc110.pdb" /Gd /TP /analyze- /errorReport:prompt ..\Source\BSpline.cpp ..\Source\BSplineCamera.cpp ..\Source\Camera.cpp ..\Source\Path.cpp ..\Source\SphereModel.cpp ..\Source\StaticCamera.cpp ..\Source\EventManager.cpp ..\Source\main.cpp ..\Source\Model.cpp ..\Source\CubeModel.cpp ..\Source\Renderer.cpp ..\Source\ThirdPersonCamera.cpp ..\Source\World.cpp
         World.cpp
         ThirdPersonCamera.cpp
         Renderer.cpp
     1>c:\users\a_madab\desktop\islandadventures-master\islandadventures-master\source\renderer.cpp(118): warning C4018: '<' : signed/unsigned mismatch
         CubeModel.cpp
         Model.cpp
         GLM: rotate function taking degrees as a parameter is deprecated. #define GLM_FORCE_RADIANS before including GLM headers to remove this message.
         main.cpp
         EventManager.cpp
         StaticCamera.cpp
         SphereModel.cpp
         Path.cpp
         Camera.cpp
         GLM: perspective function taking degrees as a parameter is deprecated. #define GLM_FORCE_RADIANS before including GLM headers to remove this message.
         BSplineCamera.cpp
         BSpline.cpp
     1>c:\users\a_madab\desktop\islandadventures-master\islandadventures-master\source\bspline.cpp(192): warning C4018: '<' : signed/unsigned mismatch
         Generating Code...
       Link:
         C:\Program Files (x86)\Microsoft Visual Studio 11.0\VC\bin\link.exe /ERRORREPORT:PROMPT /OUT:"C:\Users\a_madab\Desktop\IslandAdventures-master\IslandAdventures-master\VS2012\/../Bin/IslandAdventureGame-Debug.exe" /INCREMENTAL /NOLOGO /LIBPATH:"../ThirdParty/glew-1.10.0/lib/Release/Win32" /LIBPATH:"../ThirdParty/glfw-3.0.4/lib/Win32/lib-msvc110" opengl32.lib glew32s.lib glfw3.lib kernel32.lib user32.lib gdi32.lib winspool.lib comdlg32.lib advapi32.lib shell32.lib ole32.lib oleaut32.lib uuid.lib odbc32.lib odbccp32.lib kernel32.lib user32.lib gdi32.lib winspool.lib comdlg32.lib advapi32.lib shell32.lib ole32.lib oleaut32.lib uuid.lib odbc32.lib odbccp32.lib /MANIFEST /MANIFESTUAC:"level='asInvoker' uiAccess='false'" /manifest:embed /DEBUG /PDB:"C:\Users\a_madab\Desktop\IslandAdventures-master\IslandAdventures-master\VS2012\/../Bin/IslandAdventureGame-Debug.pdb" /SUBSYSTEM:CONSOLE /TLBID:1 /DYNAMICBASE /NXCOMPAT /IMPLIB:"C:\Users\a_madab\Desktop\IslandAdventures-master\IslandAdventures-master\VS2012\/../Bin/IslandAdventureGame-Debug.lib" /MACHINE:X86 "C:\Users\a_madab\Desktop\IslandAdventures-master\IslandAdventures-master\VS2012\/../Build/Debug/BSpline.obj"
         "C:\Users\a_madab\Desktop\IslandAdventures-master\IslandAdventures-master\VS2012\/../Build/Debug/BSplineCamera.obj"
         "C:\Users\a_madab\Desktop\IslandAdventures-master\IslandAdventures-master\VS2012\/../Build/Debug/Camera.obj"
         "C:\Users\a_madab\Desktop\IslandAdventures-master\IslandAdventures-master\VS2012\/../Build/Debug/Path.obj"
         "C:\Users\a_madab\Desktop\IslandAdventures-master\IslandAdventures-master\VS2012\/../Build/Debug/SphereModel.obj"
         "C:\Users\a_madab\Desktop\IslandAdventures-master\IslandAdventures-master\VS2012\/../Build/Debug/StaticCamera.obj"
         "C:\Users\a_madab\Desktop\IslandAdventures-master\IslandAdventures-master\VS2012\/../Build/Debug/EventManager.obj"
         "C:\Users\a_madab\Desktop\IslandAdventures-master\IslandAdventures-master\VS2012\/../Build/Debug/main.obj"
         "C:\Users\a_madab\Desktop\IslandAdventures-master\IslandAdventures-master\VS2012\/../Build/Debug/Model.obj"
         "C:\Users\a_madab\Desktop\IslandAdventures-master\IslandAdventures-master\VS2012\/../Build/Debug/CubeModel.obj"
         "C:\Users\a_madab\Desktop\IslandAdventures-master\IslandAdventures-master\VS2012\/../Build/Debug/Renderer.obj"
         "C:\Users\a_madab\Desktop\IslandAdventures-master\IslandAdventures-master\VS2012\/../Build/Debug/ThirdPersonCamera.obj"
         "C:\Users\a_madab\Desktop\IslandAdventures-master\IslandAdventures-master\VS2012\/../Build/Debug/World.obj"
     1>LINK : warning LNK4098: defaultlib 'LIBCMT' conflicts with use of other libs; use /NODEFAULTLIB:library
     1>LINK : warning LNK4098: defaultlib 'MSVCRT' conflicts with use of other libs; use /NODEFAULTLIB:library
     1>glew32s.lib(glew.obj) : warning LNK4099: PDB 'vc100.pdb' was not found with 'glew32s.lib(glew.obj)' or at 'C:\Users\a_madab\Desktop\IslandAdventures-master\IslandAdventures-master\Bin\vc100.pdb'; linking object as if no debug info
         IslandAdventuresGame.vcxproj -> C:\Users\a_madab\Desktop\IslandAdventures-master\IslandAdventures-master\VS2012\/../Bin/IslandAdventureGame-Debug.exe
     1>Done Building Project "C:\Users\a_madab\Desktop\IslandAdventures-master\IslandAdventures-master\VS2012\IslandAdventuresGame.vcxproj" (Build target(s)).

Build succeeded.

Time Elapsed 00:00:12.58
